<?xml version="1.0" encoding="UTF-8"?>
<!-- Generated by org.testng.reporters.JUnitReportReporter -->
<testsuite skipped="0" hostname="USBLRDDEVATE5" name="selenium.test.Test3" tests="1" failures="0" timestamp="11 Aug 2019 11:32:59 GMT" time="0.754" errors="0">
  <testcase name="selectOperations" time="0.754" classname="selenium.test.Test3"/>
</testsuite> <!-- selenium.test.Test3 -->
