<?xml version="1.0" encoding="UTF-8"?>
<!-- Generated by org.testng.reporters.JUnitReportReporter -->
<testsuite skipped="0" hostname="USBLRDDEVATE5" name="selenium.test.Test2" tests="1" failures="0" timestamp="31 Jul 2019 18:14:59 GMT" time="1.127" errors="0">
  <testcase name="commonWebElementCommands" time="1.127" classname="selenium.test.Test2"/>
</testsuite> <!-- selenium.test.Test2 -->
