<?xml version="1.0" encoding="UTF-8"?>
<!-- Generated by org.testng.reporters.JUnitReportReporter -->
<testsuite skipped="0" hostname="USBLRDDEVATE5" name="selenium.test.Test5" tests="1" failures="0" timestamp="01 Aug 2019 16:48:21 GMT" time="1.530" errors="0">
  <testcase name="windowSwitchOperations" time="1.530" classname="selenium.test.Test5"/>
</testsuite> <!-- selenium.test.Test5 -->
