<?xml version="1.0" encoding="UTF-8"?>
<!-- Generated by org.testng.reporters.JUnitReportReporter -->
<testsuite skipped="1" hostname="USBLRDDEVATE5" name="selenium.test.Test4" tests="2" failures="0" timestamp="01 Aug 2019 16:48:21 GMT" time="6.131" errors="0">
  <testcase name="excelOperations" time="6.131" classname="selenium.test.Test4"/>
  <testcase name="testNGAsserts" classname="selenium.test.Test4">
    <skipped/>
  </testcase> <!-- testNGAsserts -->
</testsuite> <!-- selenium.test.Test4 -->
