<?xml version="1.0" encoding="UTF-8"?>
<!-- Generated by org.testng.reporters.JUnitReportReporter -->
<testsuite skipped="0" hostname="USBLRDDEVATE5" name="selenium.test.Test2" tests="1" failures="0" timestamp="01 Aug 2019 16:48:21 GMT" time="1.691" errors="0">
  <testcase name="commonWebElementCommands" time="1.691" classname="selenium.test.Test2"/>
</testsuite> <!-- selenium.test.Test2 -->
