<?xml version="1.0" encoding="UTF-8"?>
<!-- Generated by org.testng.reporters.JUnitReportReporter -->
<testsuite skipped="0" hostname="USBLRDDEVATE5" name="selenium.test.Test4" tests="2" failures="0" timestamp="02 Aug 2019 07:14:17 GMT" time="3.506" errors="0">
  <testcase name="excelOperations" time="3.427" classname="selenium.test.Test4"/>
  <testcase name="testNGAsserts" time="0.079" classname="selenium.test.Test4"/>
</testsuite> <!-- selenium.test.Test4 -->
