<?xml version="1.0" encoding="UTF-8"?>
<!-- Generated by org.testng.reporters.JUnitReportReporter -->
<testsuite skipped="0" hostname="USBLRDDEVATE5" name="selenium.test.Test1" tests="1" failures="0" timestamp="31 Jul 2019 18:14:59 GMT" time="18.267" errors="0">
  <testcase name="browserCommands" time="18.267" classname="selenium.test.Test1"/>
</testsuite> <!-- selenium.test.Test1 -->
