<?xml version="1.0" encoding="UTF-8"?>
<!-- Generated by org.testng.reporters.JUnitReportReporter -->
<testsuite skipped="0" hostname="USBLRDDEVATE5" name="selenium.test.Test3" tests="1" failures="0" timestamp="31 Jul 2019 18:14:59 GMT" time="1.334" errors="0">
  <testcase name="selectOperations" time="1.334" classname="selenium.test.Test3"/>
</testsuite> <!-- selenium.test.Test3 -->
