<?xml version="1.0" encoding="UTF-8"?>
<!-- Generated by org.testng.reporters.JUnitReportReporter -->
<testsuite skipped="0" hostname="USBLRDDEVATE5" name="selenium.test.Test2" tests="1" failures="0" timestamp="02 Aug 2019 07:14:17 GMT" time="2.128" errors="0">
  <testcase name="commonWebElementCommands" time="2.128" classname="selenium.test.Test2"/>
</testsuite> <!-- selenium.test.Test2 -->
