<?xml version="1.0" encoding="UTF-8"?>
<!-- Generated by org.testng.reporters.JUnitReportReporter -->
<testsuite skipped="0" hostname="USBLRDDEVATE5" name="selenium.test.Test2" tests="1" failures="0" timestamp="11 Aug 2019 12:11:02 GMT" time="0.798" errors="0">
  <testcase name="commonWebElementCommands" time="0.798" classname="selenium.test.Test2"/>
</testsuite> <!-- selenium.test.Test2 -->
