<?xml version="1.0" encoding="UTF-8"?>
<!-- Generated by org.testng.reporters.JUnitReportReporter -->
<testsuite skipped="0" hostname="USBLRDDEVATE5" name="selenium.test.Test3" tests="1" failures="0" timestamp="02 Aug 2019 07:14:17 GMT" time="0.965" errors="0">
  <testcase name="selectOperations" time="0.965" classname="selenium.test.Test3"/>
</testsuite> <!-- selenium.test.Test3 -->
