<?xml version="1.0" encoding="UTF-8"?>
<!-- Generated by org.testng.reporters.JUnitReportReporter -->
<testsuite skipped="0" hostname="USBLRDDEVATE5" name="selenium.test.Test4" tests="2" failures="0" timestamp="11 Aug 2019 12:11:02 GMT" time="2.798" errors="0">
  <testcase name="excelOperations" time="2.732" classname="selenium.test.Test4"/>
  <testcase name="testNGAsserts" time="0.066" classname="selenium.test.Test4"/>
</testsuite> <!-- selenium.test.Test4 -->
